<component name="libraryTable">
  <library name="junit-dist">
    <CLASSES>
      <root url="jar://$USER_HOME$/Downloads/junit-dist.jar!/" />
    </CLASSES>
    <JAVADOC />
    <SOURCES />
  </library>
</component>